17-09-17 : 19
MINER STATS

{
    "data": [
        {
            "reportedHashrate": 0,
            "averageHashrate": 44931327.16049383,
            "invalidShares": 0,
            "activeWorkers": 1,
            "time": 1505610000,
            "staleShares": 0,
            "validShares": 1,
            "currentHashrate": 1111111.111111111
        },
        {
            "reportedHashrate": 46391878,
            "averageHashrate": 44601721.43974961,
            "invalidShares": 0,
            "activeWorkers": 1,
            "time": 1505611800,
            "staleShares": 0,
            "validShares": 5,
            "currentHashrate": 5555555.555555556
        },
        {
            "reportedHashrate": 46516131,
            "averageHashrate": 44351330.20344288,
            "invalidShares": 0,
            "activeWorkers": 1,
            "time": 1505612400,
            "staleShares": 0,
            "validShares": 11,
            "currentHashrate": 12222222.222222222
        },
        {
            "reportedHashrate": 46525233,
            "averageHashrate": 44171361.50234742,
            "invalidShares": 0,
            "activeWorkers": 1,
            "time": 1505613000,
            "staleShares": 0,
            "validShares": 17,
            "currentHashrate": 18888888.888888888
        },
        {
            "reportedHashrate": 46627074,
            "averageHashrate": 44098200.31298905,
            "invalidShares": 0,
            "activeWorkers": 1,
            "time": 1505613600,
            "staleShares": 1,
            "validShares": 27,
            "currentHashrate": 30722222.222222224
        },
        {
            "reportedHashrate": 46589644,
            "averageHashrate": 44079812.20657277,
            "invalidShares": 0,
            "activeWorkers": 1,
            "time": 1505614200,
            "staleShares": 1,
            "validShares": 36,
            "currentHashrate": 40722222.222222224
        },
        {
            "reportedHashrate": 46589281,
            "averageHashrate": 44084898.27856025,
            "invalidShares": 0,
            "activeWorkers": 1,
            "time": 1505614800,
            "staleShares": 1,
            "validShares": 41,
            "currentHashrate": 46277777.777777776
        },
        {
            "reportedHashrate": 46588749,
            "averageHashrate": 44113458.52895148,
            "invalidShares": 0,
            "activeWorkers": 1,
            "time": 1505615400,
            "staleShares": 1,
            "validShares": 43,
            "currentHashrate": 48500000
        },
        {
            "reportedHashrate": 46453214,
            "averageHashrate": 44134194.053208135,
            "invalidShares": 0,
            "activeWorkers": 1,
            "time": 1505616000,
            "staleShares": 1,
            "validShares": 45,
            "currentHashrate": 50722222.222222224
        },
        {
            "reportedHashrate": 46609095,
            "averageHashrate": 44136932.707355246,
            "invalidShares": 0,
            "activeWorkers": 1,
            "time": 1505616600,
            "staleShares": 1,
            "validShares": 43,
            "currentHashrate": 48500000
        },
        {
            "reportedHashrate": 46598189,
            "averageHashrate": 44064162.754303604,
            "invalidShares": 0,
            "activeWorkers": 1,
            "time": 1505617200,
            "staleShares": 0,
            "validShares": 36,
            "currentHashrate": 40000000
        },
        {
            "reportedHashrate": 46438110,
            "averageHashrate": 43975743.34898279,
            "invalidShares": 0,
            "activeWorkers": 1,
            "time": 1505617800,
            "staleShares": 0,
            "validShares": 33,
            "currentHashrate": 36666666.666666664
        },
        {
            "reportedHashrate": 46603733,
            "averageHashrate": 43923708.92018779,
            "invalidShares": 0,
            "activeWorkers": 1,
            "time": 1505618400,
            "staleShares": 1,
            "validShares": 37,
            "currentHashrate": 41833333.333333336
        },
        {
            "reportedHashrate": 46602390,
            "averageHashrate": 43879499.21752738,
            "invalidShares": 0,
            "activeWorkers": 1,
            "time": 1505619000,
            "staleShares": 1,
            "validShares": 37,
            "currentHashrate": 41833333.333333336
        },
        {
            "reportedHashrate": 46602117,
            "averageHashrate": 43856025.03912363,
            "invalidShares": 0,
            "activeWorkers": 2,
            "time": 1505619600,
            "staleShares": 2,
            "validShares": 38,
            "currentHashrate": 43666666.66666667
        },
        {
            "reportedHashrate": 46608533,
            "averageHashrate": 43829812.20657277,
            "invalidShares": 0,
            "activeWorkers": 2,
            "time": 1505620200,
            "staleShares": 2,
            "validShares": 45,
            "currentHashrate": 51444444.44444444
        },
        {
            "reportedHashrate": 46587589,
            "averageHashrate": 43819248.82629108,
            "invalidShares": 0,
            "activeWorkers": 2,
            "time": 1505620800,
            "staleShares": 2,
            "validShares": 48,
            "currentHashrate": 54777777.777777776
        },
        {
            "reportedHashrate": 46598315,
            "averageHashrate": 43845070.4225352,
            "invalidShares": 0,
            "activeWorkers": 2,
            "time": 1505621400,
            "staleShares": 3,
            "validShares": 51,
            "currentHashrate": 58833333.333333336
        },
        {
            "reportedHashrate": 46613304,
            "averageHashrate": 43936228.48200312,
            "invalidShares": 0,
            "activeWorkers": 2,
            "time": 1505622000,
            "staleShares": 2,
            "validShares": 54,
            "currentHashrate": 61444444.44444444
        },
        {
            "reportedHashrate": 46609006,
            "averageHashrate": 44113458.52895148,
            "invalidShares": 0,
            "activeWorkers": 2,
            "time": 1505622600,
            "staleShares": 2,
            "validShares": 57,
            "currentHashrate": 64777777.777777776
        },
        {
            "reportedHashrate": 46603424,
            "averageHashrate": 44285602.50391236,
            "invalidShares": 0,
            "activeWorkers": 2,
            "time": 1505623200,
            "staleShares": 1,
            "validShares": 60,
            "currentHashrate": 67388888.8888889
        },
        {
            "reportedHashrate": 46622487,
            "averageHashrate": 44541079.812206574,
            "invalidShares": 0,
            "activeWorkers": 2,
            "time": 1505623800,
            "staleShares": 1,
            "validShares": 63,
            "currentHashrate": 70722222.22222222
        },
        {
            "reportedHashrate": 46607873,
            "averageHashrate": 44825117.37089202,
            "invalidShares": 0,
            "activeWorkers": 2,
            "time": 1505624400,
            "staleShares": 2,
            "validShares": 68,
            "currentHashrate": 77000000
        },
        {
            "reportedHashrate": 46474525,
            "averageHashrate": 45135367.76212832,
            "invalidShares": 0,
            "activeWorkers": 2,
            "time": 1505625000,
            "staleShares": 1,
            "validShares": 73,
            "currentHashrate": 81833333.33333333
        },
        {
            "reportedHashrate": 46458853,
            "averageHashrate": 45362284.8200313,
            "invalidShares": 0,
            "activeWorkers": 2,
            "time": 1505625600,
            "staleShares": 1,
            "validShares": 66,
            "currentHashrate": 74055555.55555555
        },
        {
            "reportedHashrate": 46615467,
            "averageHashrate": 45550078.24726135,
            "invalidShares": 0,
            "activeWorkers": 2,
            "time": 1505626200,
            "staleShares": 1,
            "validShares": 70,
            "currentHashrate": 78500000
        },
        {
            "reportedHashrate": 46518201,
            "averageHashrate": 45776995.305164315,
            "invalidShares": 0,
            "activeWorkers": 2,
            "time": 1505626800,
            "staleShares": 1,
            "validShares": 73,
            "currentHashrate": 81833333.33333334
        },
        {
            "reportedHashrate": 46141891,
            "averageHashrate": 46003912.363067284,
            "invalidShares": 0,
            "activeWorkers": 2,
            "time": 1505627400,
            "staleShares": 1,
            "validShares": 70,
            "currentHashrate": 78500000
        },
        {
            "reportedHashrate": 46614663,
            "averageHashrate": 46186619.71830985,
            "invalidShares": 0,
            "activeWorkers": 2,
            "time": 1505628000,
            "staleShares": 0,
            "validShares": 66,
            "currentHashrate": 73333333.33333333
        },
        {
            "reportedHashrate": 46160161,
            "averageHashrate": 46338028.16901408,
            "invalidShares": 0,
            "activeWorkers": 2,
            "time": 1505628600,
            "staleShares": 1,
            "validShares": 60,
            "currentHashrate": 67388888.8888889
        },
        {
            "reportedHashrate": 46638338,
            "averageHashrate": 46538732.3943662,
            "invalidShares": 0,
            "activeWorkers": 2,
            "time": 1505629200,
            "staleShares": 2,
            "validShares": 66,
            "currentHashrate": 74777777.77777778
        },
        {
            "reportedHashrate": 46641034,
            "averageHashrate": 46723787.16744915,
            "invalidShares": 0,
            "activeWorkers": 2,
            "time": 1505629800,
            "staleShares": 2,
            "validShares": 62,
            "currentHashrate": 70333333.33333334
        },
        {
            "reportedHashrate": 46638655,
            "averageHashrate": 46856416.27543036,
            "invalidShares": 0,
            "activeWorkers": 2,
            "time": 1505630400,
            "staleShares": 4,
            "validShares": 53,
            "currentHashrate": 61777777.777777776
        },
        {
            "reportedHashrate": 46616399,
            "averageHashrate": 46986306.72926447,
            "invalidShares": 0,
            "activeWorkers": 2,
            "time": 1505631000,
            "staleShares": 5,
            "validShares": 53,
            "currentHashrate": 62500000
        },
        {
            "reportedHashrate": 46614154,
            "averageHashrate": 47147496.08763692,
            "invalidShares": 0,
            "activeWorkers": 2,
            "time": 1505631600,
            "staleShares": 5,
            "validShares": 54,
            "currentHashrate": 63611111.111111104
        },
        {
            "reportedHashrate": 46603459,
            "averageHashrate": 47261737.089201875,
            "invalidShares": 0,
            "activeWorkers": 2,
            "time": 1505632200,
            "staleShares": 4,
            "validShares": 52,
            "currentHashrate": 60666666.66666667
        },
        {
            "reportedHashrate": 46617210,
            "averageHashrate": 47360328.63849764,
            "invalidShares": 0,
            "activeWorkers": 2,
            "time": 1505632800,
            "staleShares": 4,
            "validShares": 51,
            "currentHashrate": 59555555.55555556
        },
        {
            "reportedHashrate": 46597045,
            "averageHashrate": 47474569.64006259,
            "invalidShares": 0,
            "activeWorkers": 2,
            "time": 1505633400,
            "staleShares": 4,
            "validShares": 50,
            "currentHashrate": 58444444.44444445
        },
        {
            "reportedHashrate": 46633782,
            "averageHashrate": 47625586.85446009,
            "invalidShares": 0,
            "activeWorkers": 2,
            "time": 1505634000,
            "staleShares": 2,
            "validShares": 56,
            "currentHashrate": 63666666.666666664
        },
        {
            "reportedHashrate": 46625652,
            "averageHashrate": 47763693.27073552,
            "invalidShares": 0,
            "activeWorkers": 2,
            "time": 1505634600,
            "staleShares": 1,
            "validShares": 55,
            "currentHashrate": 61833333.33333333
        },
        {
            "reportedHashrate": 46597880,
            "averageHashrate": 47964397.496087626,
            "invalidShares": 0,
            "activeWorkers": 2,
            "time": 1505635200,
            "staleShares": 1,
            "validShares": 62,
            "currentHashrate": 69611111.1111111
        },
        {
            "reportedHashrate": 46615371,
            "averageHashrate": 48196400.62597808,
            "invalidShares": 0,
            "activeWorkers": 2,
            "time": 1505635800,
            "staleShares": 1,
            "validShares": 65,
            "currentHashrate": 72944444.44444445
        },
        {
            "reportedHashrate": 46614997,
            "averageHashrate": 48386932.70735524,
            "invalidShares": 0,
            "activeWorkers": 2,
            "time": 1505636400,
            "staleShares": 0,
            "validShares": 60,
            "currentHashrate": 66666666.66666667
        },
        {
            "reportedHashrate": 46462401,
            "averageHashrate": 48582550.86071987,
            "invalidShares": 0,
            "activeWorkers": 2,
            "time": 1505637000,
            "staleShares": 1,
            "validShares": 60,
            "currentHashrate": 67388888.88888888
        },
        {
            "reportedHashrate": 46605354,
            "averageHashrate": 48739045.38341158,
            "invalidShares": 0,
            "activeWorkers": 2,
            "time": 1505637600,
            "staleShares": 1,
            "validShares": 58,
            "currentHashrate": 65166666.66666667
        },
        {
            "reportedHashrate": 46642474,
            "averageHashrate": 48801643.19248825,
            "invalidShares": 0,
            "activeWorkers": 2,
            "time": 1505638200,
            "staleShares": 1,
            "validShares": 53,
            "currentHashrate": 59611111.111111104
        },
        {
            "reportedHashrate": 46628773,
            "averageHashrate": 48770344.28794992,
            "invalidShares": 0,
            "activeWorkers": 2,
            "time": 1505638800,
            "staleShares": 1,
            "validShares": 45,
            "currentHashrate": 50722222.222222224
        },
        {
            "reportedHashrate": 46530031,
            "averageHashrate": 48697574.33489828,
            "invalidShares": 0,
            "activeWorkers": 2,
            "time": 1505639400,
            "staleShares": 1,
            "validShares": 45,
            "currentHashrate": 50722222.222222224
        },
        {
            "reportedHashrate": 46395475,
            "averageHashrate": 48661189.35837246,
            "invalidShares": 0,
            "activeWorkers": 2,
            "time": 1505640000,
            "staleShares": 1,
            "validShares": 49,
            "currentHashrate": 55166666.66666667
        },
        {
            "reportedHashrate": 46594782,
            "averageHashrate": 48596244.1314554,
            "invalidShares": 0,
            "activeWorkers": 2,
            "time": 1505640600,
            "staleShares": 0,
            "validShares": 51,
            "currentHashrate": 56666666.66666667
        },
        {
            "reportedHashrate": 46474375,
            "averageHashrate": 48552034.428795,
            "invalidShares": 0,
            "activeWorkers": 2,
            "time": 1505641200,
            "staleShares": 1,
            "validShares": 51,
            "currentHashrate": 57388888.88888889
        },
        {
            "reportedHashrate": 46661890,
            "averageHashrate": 48570422.53521128,
            "invalidShares": 0,
            "activeWorkers": 2,
            "time": 1505641800,
            "staleShares": 1,
            "validShares": 56,
            "currentHashrate": 62944444.44444444
        },
        {
            "reportedHashrate": 46513099,
            "averageHashrate": 48604460.093896724,
            "invalidShares": 0,
            "activeWorkers": 2,
            "time": 1505642400,
            "staleShares": 1,
            "validShares": 56,
            "currentHashrate": 62944444.44444444
        },
        {
            "reportedHashrate": 46487542,
            "averageHashrate": 48643583.724569656,
            "invalidShares": 0,
            "activeWorkers": 2,
            "time": 1505643000,
            "staleShares": 1,
            "validShares": 54,
            "currentHashrate": 60722222.222222224
        },
        {
            "reportedHashrate": 46617531,
            "averageHashrate": 48674882.62910799,
            "invalidShares": 0,
            "activeWorkers": 2,
            "time": 1505643600,
            "staleShares": 1,
            "validShares": 50,
            "currentHashrate": 56277777.777777776
        },
        {
            "reportedHashrate": 46477502,
            "averageHashrate": 48745305.16431926,
            "invalidShares": 0,
            "activeWorkers": 2,
            "time": 1505644200,
            "staleShares": 1,
            "validShares": 51,
            "currentHashrate": 57388888.88888889
        },
        {
            "reportedHashrate": 46639671,
            "averageHashrate": 48755868.544600956,
            "invalidShares": 0,
            "activeWorkers": 2,
            "time": 1505644800,
            "staleShares": 0,
            "validShares": 46,
            "currentHashrate": 51111111.11111111
        },
        {
            "reportedHashrate": 46627384,
            "averageHashrate": 48755868.544600956,
            "invalidShares": 0,
            "activeWorkers": 2,
            "time": 1505645400,
            "staleShares": 1,
            "validShares": 42,
            "currentHashrate": 47388888.88888889
        },
        {
            "reportedHashrate": 46617092,
            "averageHashrate": 48748043.81846637,
            "invalidShares": 0,
            "activeWorkers": 2,
            "time": 1505646000,
            "staleShares": 1,
            "validShares": 45,
            "currentHashrate": 50722222.222222224
        },
        {
            "reportedHashrate": 46624304,
            "averageHashrate": 48839201.877934285,
            "invalidShares": 0,
            "activeWorkers": 2,
            "time": 1505646600,
            "staleShares": 1,
            "validShares": 54,
            "currentHashrate": 60722222.222222224
        },
        {
            "reportedHashrate": 46624767,
            "averageHashrate": 48922535.21126763,
            "invalidShares": 0,
            "activeWorkers": 2,
            "time": 1505647200,
            "staleShares": 1,
            "validShares": 55,
            "currentHashrate": 61833333.33333333
        },
        {
            "reportedHashrate": 46612605,
            "averageHashrate": 49021517.99687012,
            "invalidShares": 0,
            "activeWorkers": 2,
            "time": 1505647800,
            "staleShares": 1,
            "validShares": 54,
            "currentHashrate": 60722222.22222222
        },
        {
            "reportedHashrate": 46619727,
            "averageHashrate": 49167449.13928013,
            "invalidShares": 0,
            "activeWorkers": 2,
            "time": 1505648400,
            "staleShares": 1,
            "validShares": 57,
            "currentHashrate": 64055555.55555555
        },
        {
            "reportedHashrate": 46450871,
            "averageHashrate": 49308294.20970266,
            "invalidShares": 0,
            "activeWorkers": 2,
            "time": 1505649000,
            "staleShares": 0,
            "validShares": 57,
            "currentHashrate": 63333333.333333336
        },
        {
            "reportedHashrate": 46630538,
            "averageHashrate": 49488262.91079813,
            "invalidShares": 0,
            "activeWorkers": 2,
            "time": 1505649600,
            "staleShares": 0,
            "validShares": 56,
            "currentHashrate": 62222222.222222224
        },
        {
            "reportedHashrate": 46455009,
            "averageHashrate": 49621283.25508608,
            "invalidShares": 0,
            "activeWorkers": 2,
            "time": 1505650200,
            "staleShares": 0,
            "validShares": 47,
            "currentHashrate": 52222222.222222224
        },
        {
            "reportedHashrate": 46613179,
            "averageHashrate": 49801251.95618154,
            "invalidShares": 0,
            "activeWorkers": 2,
            "time": 1505650800,
            "staleShares": 0,
            "validShares": 50,
            "currentHashrate": 55555555.55555556
        },
        {
            "reportedHashrate": 46623210,
            "averageHashrate": 49942097.02660408,
            "invalidShares": 0,
            "activeWorkers": 2,
            "time": 1505651400,
            "staleShares": 0,
            "validShares": 53,
            "currentHashrate": 58888888.88888889
        },
        {
            "reportedHashrate": 46656089,
            "averageHashrate": 50082942.09702662,
            "invalidShares": 0,
            "activeWorkers": 2,
            "time": 1505652000,
            "staleShares": 0,
            "validShares": 52,
            "currentHashrate": 57777777.777777776
        },
        {
            "reportedHashrate": 46466659,
            "averageHashrate": 50247261.34585291,
            "invalidShares": 0,
            "activeWorkers": 2,
            "time": 1505652600,
            "staleShares": 0,
            "validShares": 55,
            "currentHashrate": 61111111.11111111
        },
        {
            "reportedHashrate": 46607513,
            "averageHashrate": 50414319.2488263,
            "invalidShares": 0,
            "activeWorkers": 2,
            "time": 1505653200,
            "staleShares": 0,
            "validShares": 54,
            "currentHashrate": 60000000
        },
        {
            "reportedHashrate": 46617461,
            "averageHashrate": 50573552.42566512,
            "invalidShares": 0,
            "activeWorkers": 2,
            "time": 1505653800,
            "staleShares": 0,
            "validShares": 56,
            "currentHashrate": 62222222.22222222
        },
        {
            "reportedHashrate": 46607425,
            "averageHashrate": 50662363.06729265,
            "invalidShares": 0,
            "activeWorkers": 2,
            "time": 1505654400,
            "staleShares": 0,
            "validShares": 48,
            "currentHashrate": 53333333.333333336
        },
        {
            "reportedHashrate": 46615724,
            "averageHashrate": 50774647.88732396,
            "invalidShares": 0,
            "activeWorkers": 2,
            "time": 1505655000,
            "staleShares": 0,
            "validShares": 49,
            "currentHashrate": 54444444.44444445
        },
        {
            "reportedHashrate": 46624054,
            "averageHashrate": 50902582.15962442,
            "invalidShares": 0,
            "activeWorkers": 2,
            "time": 1505655600,
            "staleShares": 1,
            "validShares": 50,
            "currentHashrate": 56277777.777777776
        },
        {
            "reportedHashrate": 46608900,
            "averageHashrate": 51030516.4319249,
            "invalidShares": 0,
            "activeWorkers": 2,
            "time": 1505656200,
            "staleShares": 1,
            "validShares": 47,
            "currentHashrate": 52944444.44444445
        },
        {
            "reportedHashrate": 46615670,
            "averageHashrate": 51179186.228482015,
            "invalidShares": 0,
            "activeWorkers": 2,
            "time": 1505656800,
            "staleShares": 1,
            "validShares": 50,
            "currentHashrate": 56277777.777777776
        },
        {
            "reportedHashrate": 46591774,
            "averageHashrate": 51307120.50078249,
            "invalidShares": 0,
            "activeWorkers": 2,
            "time": 1505657400,
            "staleShares": 1,
            "validShares": 52,
            "currentHashrate": 58500000
        },
        {
            "reportedHashrate": 46577475,
            "averageHashrate": 51484741.78403757,
            "invalidShares": 0,
            "activeWorkers": 2,
            "time": 1505658000,
            "staleShares": 1,
            "validShares": 62,
            "currentHashrate": 69611111.1111111
        },
        {
            "reportedHashrate": 46610283,
            "averageHashrate": 51607589.98435056,
            "invalidShares": 0,
            "activeWorkers": 2,
            "time": 1505658600,
            "staleShares": 1,
            "validShares": 55,
            "currentHashrate": 61833333.333333336
        },
        {
            "reportedHashrate": 46598668,
            "averageHashrate": 51751173.708920196,
            "invalidShares": 0,
            "activeWorkers": 2,
            "time": 1505659200,
            "staleShares": 1,
            "validShares": 59,
            "currentHashrate": 66277777.777777776
        },
        {
            "reportedHashrate": 46620747,
            "averageHashrate": 51871283.25508609,
            "invalidShares": 0,
            "activeWorkers": 2,
            "time": 1505659800,
            "staleShares": 1,
            "validShares": 58,
            "currentHashrate": 65166666.666666664
        },
        {
            "reportedHashrate": 46602573,
            "averageHashrate": 51970657.276995316,
            "invalidShares": 0,
            "activeWorkers": 2,
            "time": 1505660400,
            "staleShares": 1,
            "validShares": 59,
            "currentHashrate": 66277777.777777776
        },
        {
            "reportedHashrate": 46436941,
            "averageHashrate": 52048904.53834117,
            "invalidShares": 0,
            "activeWorkers": 2,
            "time": 1505661000,
            "staleShares": 2,
            "validShares": 53,
            "currentHashrate": 60333333.33333333
        },
        {
            "reportedHashrate": 46601765,
            "averageHashrate": 52085289.51486699,
            "invalidShares": 0,
            "activeWorkers": 2,
            "time": 1505661600,
            "staleShares": 2,
            "validShares": 51,
            "currentHashrate": 58111111.111111104
        },
        {
            "reportedHashrate": 46618002,
            "averageHashrate": 52106025.03912364,
            "invalidShares": 0,
            "activeWorkers": 2,
            "time": 1505662200,
            "staleShares": 2,
            "validShares": 47,
            "currentHashrate": 53666666.66666667
        },
        {
            "reportedHashrate": 46446445,
            "averageHashrate": 52051251.95618155,
            "invalidShares": 0,
            "activeWorkers": 2,
            "time": 1505662800,
            "staleShares": 1,
            "validShares": 41,
            "currentHashrate": 46277777.777777776
        },
        {
            "reportedHashrate": 46602830,
            "averageHashrate": 51983568.07511738,
            "invalidShares": 0,
            "activeWorkers": 2,
            "time": 1505663400,
            "staleShares": 1,
            "validShares": 44,
            "currentHashrate": 49611111.111111104
        },
        {
            "reportedHashrate": 46607566,
            "averageHashrate": 51913145.539906114,
            "invalidShares": 0,
            "activeWorkers": 2,
            "time": 1505664000,
            "staleShares": 1,
            "validShares": 36,
            "currentHashrate": 40722222.222222224
        },
        {
            "reportedHashrate": 46593088,
            "averageHashrate": 51853286.384976536,
            "invalidShares": 0,
            "activeWorkers": 2,
            "time": 1505664600,
            "staleShares": 0,
            "validShares": 40,
            "currentHashrate": 44444444.44444445
        },
        {
            "reportedHashrate": 46458887,
            "averageHashrate": 51801251.95618154,
            "invalidShares": 0,
            "activeWorkers": 2,
            "time": 1505665200,
            "staleShares": 0,
            "validShares": 37,
            "currentHashrate": 41111111.11111111
        },
        {
            "reportedHashrate": 46170959,
            "averageHashrate": 51749217.52738655,
            "invalidShares": 0,
            "activeWorkers": 2,
            "time": 1505665800,
            "staleShares": 0,
            "validShares": 40,
            "currentHashrate": 44444444.44444445
        },
        {
            "reportedHashrate": 46261964,
            "averageHashrate": 51759780.90766824,
            "invalidShares": 0,
            "activeWorkers": 2,
            "time": 1505666400,
            "staleShares": 0,
            "validShares": 47,
            "currentHashrate": 52222222.222222224
        },
        {
            "reportedHashrate": 45606575,
            "averageHashrate": 51744131.45539907,
            "invalidShares": 0,
            "activeWorkers": 2,
            "time": 1505667000,
            "staleShares": 0,
            "validShares": 40,
            "currentHashrate": 44444444.44444444
        },
        {
            "reportedHashrate": 0,
            "averageHashrate": 51697183.098591566,
            "invalidShares": 0,
            "activeWorkers": 2,
            "time": 1505667600,
            "staleShares": 0,
            "validShares": 38,
            "currentHashrate": 42222222.222222224
        },
        {
            "reportedHashrate": 46457042,
            "averageHashrate": 51624021.9092332,
            "invalidShares": 0,
            "activeWorkers": 2,
            "time": 1505668200,
            "staleShares": 1,
            "validShares": 32,
            "currentHashrate": 36277777.777777776
        },
        {
            "reportedHashrate": 46373664,
            "averageHashrate": 51597809.07668233,
            "invalidShares": 0,
            "activeWorkers": 2,
            "time": 1505668800,
            "staleShares": 1,
            "validShares": 34,
            "currentHashrate": 38500000
        },
        {
            "reportedHashrate": 46565110,
            "averageHashrate": 51673317.683881074,
            "invalidShares": 0,
            "activeWorkers": 2,
            "time": 1505669400,
            "staleShares": 1,
            "validShares": 45,
            "currentHashrate": 50722222.222222224
        },
        {
            "reportedHashrate": 46594128,
            "averageHashrate": 51769561.815336466,
            "invalidShares": 0,
            "activeWorkers": 2,
            "time": 1505670000,
            "staleShares": 2,
            "validShares": 44,
            "currentHashrate": 50333333.33333333
        },
        {
            "reportedHashrate": 46593650,
            "averageHashrate": 51897104.85133021,
            "invalidShares": 0,
            "activeWorkers": 2,
            "time": 1505670600,
            "staleShares": 2,
            "validShares": 49,
            "currentHashrate": 55888888.88888889
        },
        {
            "reportedHashrate": 46591533,
            "averageHashrate": 52055946.791862294,
            "invalidShares": 0,
            "activeWorkers": 2,
            "time": 1505671200,
            "staleShares": 2,
            "validShares": 55,
            "currentHashrate": 62555555.55555555
        },
        {
            "reportedHashrate": 46598689,
            "averageHashrate": 52280125.19561816,
            "invalidShares": 0,
            "activeWorkers": 2,
            "time": 1505671800,
            "staleShares": 1,
            "validShares": 63,
            "currentHashrate": 70722222.22222222
        },
        {
            "reportedHashrate": 46585706,
            "averageHashrate": 52504303.59937403,
            "invalidShares": 0,
            "activeWorkers": 2,
            "time": 1505672400,
            "staleShares": 1,
            "validShares": 65,
            "currentHashrate": 72944444.44444445
        },
        {
            "reportedHashrate": 46421391,
            "averageHashrate": 52642410.01564946,
            "invalidShares": 0,
            "activeWorkers": 2,
            "time": 1505673000,
            "staleShares": 1,
            "validShares": 54,
            "currentHashrate": 60722222.222222224
        },
        {
            "reportedHashrate": 46590053,
            "averageHashrate": 52791079.812206574,
            "invalidShares": 0,
            "activeWorkers": 2,
            "time": 1505673600,
            "staleShares": 0,
            "validShares": 57,
            "currentHashrate": 63333333.33333333
        },
        {
            "reportedHashrate": 46610854,
            "averageHashrate": 52978873.23943663,
            "invalidShares": 0,
            "activeWorkers": 2,
            "time": 1505674200,
            "staleShares": 0,
            "validShares": 60,
            "currentHashrate": 66666666.666666664
        },
        {
            "reportedHashrate": 46589694,
            "averageHashrate": 53221439.74960876,
            "invalidShares": 0,
            "activeWorkers": 2,
            "time": 1505674800,
            "staleShares": 0,
            "validShares": 64,
            "currentHashrate": 71111111.1111111
        },
        {
            "reportedHashrate": 46603544,
            "averageHashrate": 53453442.87949921,
            "invalidShares": 0,
            "activeWorkers": 2,
            "time": 1505675400,
            "staleShares": 1,
            "validShares": 61,
            "currentHashrate": 68500000
        },
        {
            "reportedHashrate": 46575971,
            "averageHashrate": 53630672.92644757,
            "invalidShares": 0,
            "activeWorkers": 2,
            "time": 1505676000,
            "staleShares": 1,
            "validShares": 56,
            "currentHashrate": 62944444.44444445
        },
        {
            "reportedHashrate": 46255757,
            "averageHashrate": 53878325.50860719,
            "invalidShares": 0,
            "activeWorkers": 2,
            "time": 1505676600,
            "staleShares": 1,
            "validShares": 62,
            "currentHashrate": 69611111.1111111
        },
        {
            "reportedHashrate": 46429941,
            "averageHashrate": 54016431.92488262,
            "invalidShares": 0,
            "activeWorkers": 2,
            "time": 1505677200,
            "staleShares": 1,
            "validShares": 55,
            "currentHashrate": 61833333.333333336
        },
        {
            "reportedHashrate": 46605159,
            "averageHashrate": 54154538.34115804,
            "invalidShares": 0,
            "activeWorkers": 2,
            "time": 1505677800,
            "staleShares": 1,
            "validShares": 53,
            "currentHashrate": 59611111.11111111
        },
        {
            "reportedHashrate": 46546179,
            "averageHashrate": 54258607.19874803,
            "invalidShares": 0,
            "activeWorkers": 2,
            "time": 1505678400,
            "staleShares": 2,
            "validShares": 52,
            "currentHashrate": 59222222.222222224
        },
        {
            "reportedHashrate": 46385131,
            "averageHashrate": 54341940.532081366,
            "invalidShares": 0,
            "activeWorkers": 2,
            "time": 1505679000,
            "staleShares": 1,
            "validShares": 51,
            "currentHashrate": 57388888.88888889
        },
        {
            "reportedHashrate": 46579358,
            "averageHashrate": 54464397.496087626,
            "invalidShares": 0,
            "activeWorkers": 2,
            "time": 1505679600,
            "staleShares": 1,
            "validShares": 53,
            "currentHashrate": 59611111.11111111
        },
        {
            "reportedHashrate": 46464463,
            "averageHashrate": 54568466.3536776,
            "invalidShares": 0,
            "activeWorkers": 2,
            "time": 1505680200,
            "staleShares": 2,
            "validShares": 53,
            "currentHashrate": 60333333.333333336
        },
        {
            "reportedHashrate": 46655718,
            "averageHashrate": 54727308.29420969,
            "invalidShares": 0,
            "activeWorkers": 2,
            "time": 1505680800,
            "staleShares": 2,
            "validShares": 56,
            "currentHashrate": 63666666.66666667
        },
        {
            "reportedHashrate": 46823585,
            "averageHashrate": 54854851.33020343,
            "invalidShares": 0,
            "activeWorkers": 2,
            "time": 1505681400,
            "staleShares": 2,
            "validShares": 61,
            "currentHashrate": 69222222.22222222
        },
        {
            "reportedHashrate": 46814617,
            "averageHashrate": 54969483.56807509,
            "invalidShares": 0,
            "activeWorkers": 2,
            "time": 1505682000,
            "staleShares": 1,
            "validShares": 62,
            "currentHashrate": 69611111.1111111
        },
        {
            "reportedHashrate": 46814226,
            "averageHashrate": 55115414.71048511,
            "invalidShares": 0,
            "activeWorkers": 2,
            "time": 1505682600,
            "staleShares": 1,
            "validShares": 65,
            "currentHashrate": 72944444.44444445
        },
        {
            "reportedHashrate": 46812112,
            "averageHashrate": 55214397.49608762,
            "invalidShares": 0,
            "activeWorkers": 2,
            "time": 1505683200,
            "staleShares": 1,
            "validShares": 64,
            "currentHashrate": 71833333.33333333
        },
        {
            "reportedHashrate": 46688361,
            "averageHashrate": 55264084.50704224,
            "invalidShares": 0,
            "activeWorkers": 2,
            "time": 1505683800,
            "staleShares": 0,
            "validShares": 56,
            "currentHashrate": 62222222.222222224
        },
        {
            "reportedHashrate": 53791845,
            "averageHashrate": 55381455.39906101,
            "invalidShares": 0,
            "activeWorkers": 3,
            "time": 1505684400,
            "staleShares": 1,
            "validShares": 62,
            "currentHashrate": 69611111.1111111
        },
        {
            "reportedHashrate": 53942065,
            "averageHashrate": 55561424.10015648,
            "invalidShares": 0,
            "activeWorkers": 3,
            "time": 1505685000,
            "staleShares": 1,
            "validShares": 58,
            "currentHashrate": 65166666.666666664
        },
        {
            "reportedHashrate": 54235635,
            "averageHashrate": 55717918.62284818,
            "invalidShares": 0,
            "activeWorkers": 3,
            "time": 1505685600,
            "staleShares": 2,
            "validShares": 57,
            "currentHashrate": 64777777.77777777
        },
        {
            "reportedHashrate": 54340006,
            "averageHashrate": 55819640.06259779,
            "invalidShares": 0,
            "activeWorkers": 3,
            "time": 1505686200,
            "staleShares": 2,
            "validShares": 55,
            "currentHashrate": 62555555.55555555
        },
        {
            "reportedHashrate": 54334265,
            "averageHashrate": 55968309.85915491,
            "invalidShares": 0,
            "activeWorkers": 3,
            "time": 1505686800,
            "staleShares": 2,
            "validShares": 58,
            "currentHashrate": 65888888.88888888
        },
        {
            "reportedHashrate": 54329461,
            "averageHashrate": 56200312.98904537,
            "invalidShares": 0,
            "activeWorkers": 3,
            "time": 1505687400,
            "staleShares": 2,
            "validShares": 69,
            "currentHashrate": 78111111.11111112
        },
        {
            "reportedHashrate": 53812508,
            "averageHashrate": 56372456.96400624,
            "invalidShares": 0,
            "activeWorkers": 3,
            "time": 1505688000,
            "staleShares": 1,
            "validShares": 64,
            "currentHashrate": 71833333.33333333
        },
        {
            "reportedHashrate": 54023068,
            "averageHashrate": 56544600.938967116,
            "invalidShares": 0,
            "activeWorkers": 3,
            "time": 1505688600,
            "staleShares": 1,
            "validShares": 69,
            "currentHashrate": 77388888.8888889
        },
        {
            "reportedHashrate": 53866919,
            "averageHashrate": 56716744.91392799,
            "invalidShares": 0,
            "activeWorkers": 3,
            "time": 1505689200,
            "staleShares": 0,
            "validShares": 64,
            "currentHashrate": 71111111.11111112
        },
        {
            "reportedHashrate": 53865769,
            "averageHashrate": 56888888.888888866,
            "invalidShares": 0,
            "activeWorkers": 3,
            "time": 1505689800,
            "staleShares": 0,
            "validShares": 61,
            "currentHashrate": 67777777.77777778
        },
        {
            "reportedHashrate": 53996381,
            "averageHashrate": 57037558.68544599,
            "invalidShares": 0,
            "activeWorkers": 3,
            "time": 1505690400,
            "staleShares": 0,
            "validShares": 60,
            "currentHashrate": 66666666.66666667
        },
        {
            "reportedHashrate": 53922502,
            "averageHashrate": 57068857.58998433,
            "invalidShares": 0,
            "activeWorkers": 3,
            "time": 1505691000,
            "staleShares": 0,
            "validShares": 51,
            "currentHashrate": 56666666.666666664
        },
        {
            "reportedHashrate": 54043782,
            "averageHashrate": 57092331.768388085,
            "invalidShares": 0,
            "activeWorkers": 3,
            "time": 1505691600,
            "staleShares": 0,
            "validShares": 48,
            "currentHashrate": 53333333.33333333
        },
        {
            "reportedHashrate": 54027439,
            "averageHashrate": 57152190.92331767,
            "invalidShares": 0,
            "activeWorkers": 3,
            "time": 1505692200,
            "staleShares": 1,
            "validShares": 51,
            "currentHashrate": 57388888.88888889
        },
        {
            "reportedHashrate": 80102105,
            "averageHashrate": 57280125.19561814,
            "invalidShares": 0,
            "activeWorkers": 4,
            "time": 1505692800,
            "staleShares": 1,
            "validShares": 64,
            "currentHashrate": 71833333.33333334
        },
        {
            "reportedHashrate": 80619910,
            "averageHashrate": 57548904.53834114,
            "invalidShares": 0,
            "activeWorkers": 4,
            "time": 1505693400,
            "staleShares": 1,
            "validShares": 75,
            "currentHashrate": 84055555.55555555
        },
        {
            "reportedHashrate": 80416266,
            "averageHashrate": 57869718.30985914,
            "invalidShares": 0,
            "activeWorkers": 4,
            "time": 1505694000,
            "staleShares": 2,
            "validShares": 74,
            "currentHashrate": 83666666.66666667
        },
        {
            "reportedHashrate": 80826316,
            "averageHashrate": 58276604.06885757,
            "invalidShares": 0,
            "activeWorkers": 4,
            "time": 1505694600,
            "staleShares": 2,
            "validShares": 74,
            "currentHashrate": 83666666.66666667
        },
        {
            "reportedHashrate": 80869577,
            "averageHashrate": 58785211.26760562,
            "invalidShares": 0,
            "activeWorkers": 4,
            "time": 1505695200,
            "staleShares": 2,
            "validShares": 80,
            "currentHashrate": 90333333.33333334
        },
        {
            "reportedHashrate": 80500105,
            "averageHashrate": 59382629.107981205,
            "invalidShares": 0,
            "activeWorkers": 4,
            "time": 1505695800,
            "staleShares": 1,
            "validShares": 85,
            "currentHashrate": 95166666.66666666
        }
    ],
    "status": "OK"
}

WORKER STATS{
    "data": [
        {
            "reportedHashrate": 0,
            "lastSeen": 1505695760,
            "averageHashrate": 16060185.185185181,
            "invalidShares": 0,
            "time": 1505695800,
            "staleShares": 0,
            "worker": "43465a",
            "validShares": 18,
            "currentHashrate": 20000000
        },
        {
            "reportedHashrate": 46827266,
            "lastSeen": 1505695792,
            "averageHashrate": 43075617.28395061,
            "invalidShares": 0,
            "time": 1505695800,
            "staleShares": 0,
            "worker": "kleiner",
            "validShares": 45,
            "currentHashrate": 50000000
        },
        {
            "reportedHashrate": 7511481,
            "lastSeen": 1505694651,
            "averageHashrate": 7805555.555555554,
            "invalidShares": 0,
            "time": 1505695800,
            "staleShares": 1,
            "worker": "pc",
            "validShares": 7,
            "currentHashrate": 8500000
        },
        {
            "reportedHashrate": 26161358,
            "lastSeen": 1505695393,
            "averageHashrate": 8703703.703703703,
            "invalidShares": 0,
            "time": 1505695800,
            "staleShares": 0,
            "worker": "sam",
            "validShares": 15,
            "currentHashrate": 16666666.666666666
        }
    ],
    "status": "OK"
}